<?xml version="1.0" encoding="UTF-8" ?>
<testsuite errors="1" failures="0" hostname="DESKTOP-A3HF2T1" name="tests.HighscoreInput_Test" skipped="0" tests="1" time="0.088" timestamp="2019-12-19T00:21:52">
  <properties>
    <property name="ant.library.dir" value="C:\Users\Nad\.p2\pool\plugins\org.apache.ant_1.10.5.v20190526-1402\lib" />
    <property name="env.NUMBER_OF_PROCESSORS" value="8" />
    <property name="env.USERPROFILE" value="C:\Users\Nad" />
    <property name="java.specification.version" value="13" />
    <property name="ant.project.name" value="Frogger" />
    <property name="sun.cpu.isalist" value="amd64" />
    <property name="sun.jnu.encoding" value="Cp1252" />
    <property name="osgi.nl" value="en_GB" />
    <property name="osgi.syspath" value="c:\Users\Nad\.p2\pool\plugins" />
    <property name="sun.arch.data.model" value="64" />
    <property name="debuglevel" value="source,lines,vars" />
    <property name="equinox.init.uuid" value="true" />
    <property name="osgi.instance.area.default" value="file:/C:/Users/Nad/eclipse-workspace/" />
    <property name="env.FPS_BROWSER_APP_PROFILE_STRING" value="Internet Explorer" />
    <property name="eclipse.vmargs" value="-Dosgi.requiredJavaVersion=1.8&#xa;-Dosgi.instance.area.default=@user.home/eclipse-workspace&#xa;-XX:+UseG1GC&#xa;-XX:+UseStringDeduplication&#xa;--add-modules=ALL-SYSTEM&#xa;-Dosgi.requiredJavaVersion=1.8&#xa;-Dosgi.dataAreaRequiresExplicitInit=true&#xa;-Xms256m&#xa;-Xmx1024m&#xa;--add-modules=ALL-SYSTEM&#xa;-Declipse.p2.max.threads=10&#xa;-Doomph.update.url=http://download.eclipse.org/oomph/updates/milestone/latest&#xa;-Doomph.redirection.index.redirection=index:/-&gt;http://git.eclipse.org/c/oomph/org.eclipse.oomph.git/plain/setups/&#xa;-Dosgi.requiredJavaVersion=1.8&#xa;-Dosgi.instance.area.default=@user.home/eclipse-workspace&#xa;-XX:+UseG1GC&#xa;-XX:+UseStringDeduplication&#xa;--add-modules=ALL-SYSTEM&#xa;-Dosgi.requiredJavaVersion=1.8&#xa;-Dosgi.dataAreaRequiresExplicitInit=true&#xa;-Xms256m&#xa;-Xmx1024m&#xa;--add-modules=ALL-SYSTEM&#xa;-Declipse.p2.max.threads=10&#xa;-Doomph.update.url=http://download.eclipse.org/oomph/updates/milestone/latest&#xa;-Doomph.redirection.index.redirection=index:/-&gt;http://git.eclipse.org/c/oomph/org.eclipse.oomph.git/plain/setups/&#xa;-Djava.class.path=C:\Users\Nad\eclipse\java-2019-09\eclipse\\plugins/org.eclipse.equinox.launcher_1.5.500.v20190715-1310.jar&#xa;" />
    <property name="ds.delayed.keepInstances.default" value="true" />
    <property name="java.vendor.url" value="https://java.oracle.com/" />
    <property name="env.CommonProgramW6432" value="C:\Program Files\Common Files" />
    <property name="org.osgi.framework.system.capabilities" value="osgi.ee; osgi.ee=&quot;OSGi/Minimum&quot;; version:List&lt;Version&gt;=&quot;1.0, 1.1, 1.2&quot;, osgi.ee; osgi.ee=&quot;JRE&quot;; version:List&lt;Version&gt;=&quot;1.0, 1.1&quot;, osgi.ee; osgi.ee=&quot;JavaSE&quot;; version:List&lt;Version&gt;=&quot;1.0, 1.1, 1.2, 1.3, 1.4, 1.5, 1.6, 1.7, 1.8, 9.0, 10.0, 11.0, 12.0, 13.0&quot;,osgi.ee; osgi.ee=&quot;JavaSE/compact1&quot;; version:List&lt;Version&gt;=&quot;1.8, 9.0, 10.0, 11.0, 12.0, 13.0&quot;,osgi.ee; osgi.ee=&quot;JavaSE/compact2&quot;; version:List&lt;Version&gt;=&quot;1.8, 9.0, 10.0, 11.0, 12.0, 13.0&quot;,osgi.ee; osgi.ee=&quot;JavaSE/compact3&quot;; version:List&lt;Version&gt;=&quot;1.8, 9.0, 10.0, 11.0, 12.0, 13.0&quot;" />
    <property name="env.OS" value="Windows_NT" />
    <property name="sun.boot.library.path" value="C:\Program Files\Java\jdk-13.0.1\bin" />
    <property name="sun.java.command" value="org.apache.tools.ant.taskdefs.optional.junit.JUnitTestRunner tests.HighscoreInput_Test skipNonTests=false filtertrace=true haltOnError=false haltOnFailure=false formatter=org.apache.tools.ant.taskdefs.optional.junit.OutErrSummaryJUnitResultFormatter showoutput=false outputtoformatters=true logfailedtests=true threadid=0 logtestlistenerevents=false formatter=org.apache.tools.ant.taskdefs.optional.junit.XMLJUnitResultFormatter,C:\Users\Nad\Documents\g52swm_cw2_psynr\junit\TEST-tests.HighscoreInput_Test.xml crashfile=C:\Users\Nad\Documents\g52swm_cw2_psynr\junitvmwatcher12899144157341617107.properties propsfile=C:\Users\Nad\Documents\g52swm_cw2_psynr\junit6733798801525312498.properties" />
    <property name="ant.file.Frogger" value="C:\Users\Nad\Documents\g52swm_cw2_psynr\build.xml" />
    <property name="jdk.debug" value="release" />
    <property name="org.osgi.supports.framework.requirebundle" value="true" />
    <property name="org.eclipse.equinox.launcher.splash.location" value="C:\Users\Nad\.p2\pool\plugins\org.eclipse.platform_4.13.0.v20190916-1045\splash.bmp" />
    <property name="osgi.arch" value="x86_64" />
    <property name="env.ComSpec" value="C:\WINDOWS\system32\cmd.exe" />
    <property name="org.eclipse.equinox.simpleconfigurator.configUrl" value="file:org.eclipse.equinox.simpleconfigurator/bundles.info" />
    <property name="eclipse.pdebuild.templates" value="C:\Users\Nad\eclipse\java-2019-09\eclipse\..\..\..\.p2\pool\plugins\org.eclipse.pde.build_3.10.500.v20190620-0530\templates" />
    <property name="org.osgi.framework.system.packages" value="com.sun.jarsigner, com.sun.java.accessibility.util, com.sun.jdi, com.sun.jdi.connect, com.sun.jdi.connect.spi, com.sun.jdi.event, com.sun.jdi.request, com.sun.management, com.sun.net.httpserver, com.sun.net.httpserver.spi, com.sun.nio.file, com.sun.nio.sctp, com.sun.security.auth, com.sun.security.auth.callback, com.sun.security.auth.login, com.sun.security.auth.module, com.sun.security.jgss, com.sun.source.doctree, com.sun.source.tree, com.sun.source.util, com.sun.tools.attach, com.sun.tools.attach.spi, com.sun.tools.javac, com.sun.tools.jconsole, java.applet, java.awt, java.awt.color, java.awt.datatransfer, java.awt.desktop, java.awt.dnd, java.awt.event, java.awt.font, java.awt.geom, java.awt.im, java.awt.im.spi, java.awt.image, java.awt.image.renderable, java.awt.print, java.beans, java.beans.beancontext, java.io, java.lang, java.lang.annotation, java.lang.constant, java.lang.instrument, java.lang.invoke, java.lang.management, java.lang.module, java.lang.ref, java.lang.reflect, java.math, java.net, java.net.http, java.net.spi, java.nio, java.nio.channels, java.nio.channels.spi, java.nio.charset, java.nio.charset.spi, java.nio.file, java.nio.file.attribute, java.nio.file.spi, java.rmi, java.rmi.activation, java.rmi.dgc, java.rmi.registry, java.rmi.server, java.security, java.security.acl, java.security.cert, java.security.interfaces, java.security.spec, java.sql, java.text, java.text.spi, java.time, java.time.chrono, java.time.format, java.time.temporal, java.time.zone, java.util, java.util.concurrent, java.util.concurrent.atomic, java.util.concurrent.locks, java.util.function, java.util.jar, java.util.logging, java.util.prefs, java.util.regex, java.util.spi, java.util.stream, java.util.zip, javax.accessibility, javax.annotation.processing, javax.crypto, javax.crypto.interfaces, javax.crypto.spec, javax.imageio, javax.imageio.event, javax.imageio.metadata, javax.imageio.plugins.bmp, javax.imageio.plugins.jpeg, javax.imageio.plugins.tiff, javax.imageio.spi, javax.imageio.stream, javax.lang.model, javax.lang.model.element, javax.lang.model.type, javax.lang.model.util, javax.management, javax.management.loading, javax.management.modelmbean, javax.management.monitor, javax.management.openmbean, javax.management.relation, javax.management.remote, javax.management.remote.rmi, javax.management.timer, javax.naming, javax.naming.directory, javax.naming.event, javax.naming.ldap, javax.naming.ldap.spi, javax.naming.spi, javax.net, javax.net.ssl, javax.print, javax.print.attribute, javax.print.attribute.standard, javax.print.event, javax.rmi.ssl, javax.script, javax.security.auth, javax.security.auth.callback, javax.security.auth.kerberos, javax.security.auth.login, javax.security.auth.spi, javax.security.auth.x500, javax.security.cert, javax.security.sasl, javax.smartcardio, javax.sound.midi, javax.sound.midi.spi, javax.sound.sampled, javax.sound.sampled.spi, javax.sql, javax.sql.rowset, javax.sql.rowset.serial, javax.sql.rowset.spi, javax.swing, javax.swing.border, javax.swing.colorchooser, javax.swing.event, javax.swing.filechooser, javax.swing.plaf, javax.swing.plaf.basic, javax.swing.plaf.metal, javax.swing.plaf.multi, javax.swing.plaf.nimbus, javax.swing.plaf.synth, javax.swing.table, javax.swing.text, javax.swing.text.html, javax.swing.text.html.parser, javax.swing.text.rtf, javax.swing.tree, javax.swing.undo, javax.tools, javax.transaction.xa, javax.xml, javax.xml.catalog, javax.xml.crypto, javax.xml.crypto.dom, javax.xml.crypto.dsig, javax.xml.crypto.dsig.dom, javax.xml.crypto.dsig.keyinfo, javax.xml.crypto.dsig.spec, javax.xml.datatype, javax.xml.namespace, javax.xml.parsers, javax.xml.stream, javax.xml.stream.events, javax.xml.stream.util, javax.xml.transform, javax.xml.transform.dom, javax.xml.transform.sax, javax.xml.transform.stax, javax.xml.transform.stream, javax.xml.validation, javax.xml.xpath, jdk.dynalink, jdk.dynalink.beans, jdk.dynalink.linker, jdk.dynalink.linker.support, jdk.dynalink.support, jdk.javadoc.doclet, jdk.jfr, jdk.jfr.consumer, jdk.jshell, jdk.jshell.execution, jdk.jshell.spi, jdk.jshell.tool, jdk.management.jfr, jdk.nashorn.api.scripting, jdk.nashorn.api.tree, jdk.net, jdk.nio, jdk.security.jarsigner, jdk.swing.interop, netscape.javascript, org.ietf.jgss, org.w3c.dom, org.w3c.dom.bootstrap, org.w3c.dom.css, org.w3c.dom.events, org.w3c.dom.html, org.w3c.dom.ls, org.w3c.dom.ranges, org.w3c.dom.stylesheets, org.w3c.dom.traversal, org.w3c.dom.views, org.w3c.dom.xpath, org.xml.sax, org.xml.sax.ext, org.xml.sax.helpers, sun.misc, sun.reflect" />
    <property name="org.osgi.framework.language" value="en" />
    <property name="java.specification.vendor" value="Oracle Corporation" />
    <property name="eclipse.application" value="org.eclipse.ui.ide.workbench" />
    <property name="gosh.args" value="--nointeractive" />
    <property name="java.version.date" value="2019-10-15" />
    <property name="eclipse.launcher.name" value="Eclipse" />
    <property name="java.home" value="C:\Program Files\Java\jdk-13.0.1" />
    <property name="file.separator" value="\" />
    <property name="basedir" value="C:\Users\Nad\Documents\g52swm_cw2_psynr" />
    <property name="env.ProgramFiles" value="C:\Program Files" />
    <property name="java.vm.compressedOopsMode" value="Zero based" />
    <property name="line.separator" value="&#xd;&#xa;" />
    <property name="org.osgi.framework.executionenvironment" value="OSGi/Minimum-1.0, OSGi/Minimum-1.1, OSGi/Minimum-1.2, JavaSE/compact1-1.8, JavaSE/compact2-1.8, JavaSE/compact3-1.8, JRE-1.1, J2SE-1.2, J2SE-1.3, J2SE-1.4, J2SE-1.5, JavaSE-1.6, JavaSE-1.7, JavaSE-1.8, JavaSE-9, JavaSE-10, JavaSE-11, JavaSE-12, JavaSE-13" />
    <property name="osgi.compatibility.bootdelegation.default" value="true" />
    <property name="java.specification.name" value="Java Platform API Specification" />
    <property name="java.vm.specification.vendor" value="Oracle Corporation" />
    <property name="env.LOCALAPPDATA" value="C:\Users\Nad\AppData\Local" />
    <property name="eclipse.buildId" value="4.13.0.I20190916-1045" />
    <property name="env.USERDOMAIN_ROAMINGPROFILE" value="DESKTOP-A3HF2T1" />
    <property name="env.PROCESSOR_REVISION" value="8e0a" />
    <property name="user.script" value="" />
    <property name="env.PSModulePath" value="C:\Program Files\WindowsPowerShell\Modules;C:\WINDOWS\system32\WindowsPowerShell\v1.0\Modules" />
    <property name="sun.management.compiler" value="HotSpot 64-Bit Tiered Compilers" />
    <property name="env.PROCESSOR_IDENTIFIER" value="Intel64 Family 6 Model 142 Stepping 10, GenuineIntel" />
    <property name="ant.file.type.Frogger" value="file" />
    <property name="java.runtime.version" value="13.0.1+9" />
    <property name="org.eclipse.swt.internal.deviceZoom" value="100" />
    <property name="user.name" value="Nad" />
    <property name="env.ProgramW6432" value="C:\Program Files" />
    <property name="env.DriverData" value="C:\Windows\System32\Drivers\DriverData" />
    <property name="env.CommonProgramFiles" value="C:\Program Files\Common Files" />
    <property name="osgi.framework.useSystemProperties" value="true" />
    <property name="org.osgi.framework.vendor" value="Eclipse" />
    <property name="env.PUBLIC" value="C:\Users\Public" />
    <property name="file.encoding" value="Cp1252" />
    <property name="oomph.redirection.index.redirection" value="index:/-&gt;http://git.eclipse.org/c/oomph/org.eclipse.oomph.git/plain/setups/" />
    <property name="env.COMPUTERNAME" value="DESKTOP-A3HF2T1" />
    <property name="osgi.framework.extensions" value="reference:file:org.eclipse.osgi.compatibility.state_1.1.600.v20190814-1451.jar,reference:file:org.eclipse.fx.osgi_1.2.0.201501301028.jar" />
    <property name="env.HOMEPATH" value="\Users\Nad" />
    <property name="env.SystemDrive" value="C:" />
    <property name="env.APPDATA" value="C:\Users\Nad\AppData\Roaming" />
    <property name="env.ProgramData" value="C:\ProgramData" />
    <property name="eclipse.home.location" value="file:/C:/Users/Nad/eclipse/java-2019-09/eclipse/" />
    <property name="java.io.tmpdir" value="C:\Users\Nad\AppData\Local\Temp\" />
    <property name="java.version" value="13.0.1" />
    <property name="env.PROCESSOR_LEVEL" value="6" />
    <property name="env.HOMEDRIVE" value="C:" />
    <property name="env.Path" value="C:/Program Files/Java/jdk-13.0.1/bin/server;C:/Program Files/Java/jdk-13.0.1/bin;C:\Program Files (x86)\Common Files\Oracle\Java\javapath;C:\Program Files (x86)\Intel\Intel(R) Management Engine Components\iCLS\;C:\Program Files\Intel\Intel(R) Management Engine Components\iCLS\;C:\WINDOWS\system32;C:\WINDOWS;C:\WINDOWS\System32\Wbem;C:\WINDOWS\System32\WindowsPowerShell\v1.0\;C:\WINDOWS\System32\OpenSSH\;C:\Program Files (x86)\Intel\Intel(R) Management Engine Components\DAL;C:\Program Files\Intel\Intel(R) Management Engine Components\DAL;C:\Program Files (x86)\Intel\Intel(R) Management Engine Components\IPT;C:\Program Files\Intel\Intel(R) Management Engine Components\IPT;C:\Program Files\Git\cmd;C:\Users\Nad\AppData\Local\Microsoft\WindowsApps;C:\Users\Nad\Desktop\gradle-6.0.1\bin;;C:\WINDOWS\system32;" />
    <property name="osgi.bundles.defaultStartLevel" value="4" />
    <property name="env.TMP" value="C:\Users\Nad\AppData\Local\Temp" />
    <property name="java.vm.specification.name" value="Java Virtual Machine Specification" />
    <property name="ant.home" value="C:\Users\Nad\.p2\pool\plugins\org.apache.ant_1.10.5.v20190526-1402" />
    <property name="sun.os.patch.level" value="" />
    <property name="junit.output.dir" value="junit" />
    <property name="ant.version" value="Apache Ant(TM) version 1.10.5 compiled on July 10 2018" />
    <property name="eclipse.running" value="true" />
    <property name="java.library.path" value="C:\Program Files\Java\jdk-13.0.1\bin;C:\WINDOWS\Sun\Java\bin;C:\WINDOWS\system32;C:\WINDOWS;C:/Program Files/Java/jdk-13.0.1/bin/server;C:/Program Files/Java/jdk-13.0.1/bin;C:\Program Files (x86)\Common Files\Oracle\Java\javapath;C:\Program Files (x86)\Intel\Intel(R) Management Engine Components\iCLS\;C:\Program Files\Intel\Intel(R) Management Engine Components\iCLS\;C:\WINDOWS\system32;C:\WINDOWS;C:\WINDOWS\System32\Wbem;C:\WINDOWS\System32\WindowsPowerShell\v1.0\;C:\WINDOWS\System32\OpenSSH\;C:\Program Files (x86)\Intel\Intel(R) Management Engine Components\DAL;C:\Program Files\Intel\Intel(R) Management Engine Components\DAL;C:\Program Files (x86)\Intel\Intel(R) Management Engine Components\IPT;C:\Program Files\Intel\Intel(R) Management Engine Components\IPT;C:\Program Files\Git\cmd;C:\Users\Nad\AppData\Local\Microsoft\WindowsApps;C:\Users\Nad\Desktop\gradle-6.0.1\bin;;C:\WINDOWS\system32;;." />
    <property name="eclipse.pdebuild.scripts" value="C:\Users\Nad\eclipse\java-2019-09\eclipse\..\..\..\.p2\pool\plugins\org.eclipse.pde.build_3.10.500.v20190620-0530\scripts" />
    <property name="java.vendor" value="Oracle Corporation" />
    <property name="osgi.requiredJavaVersion" value="1.8" />
    <property name="env.LOGONSERVER" value="\\DESKTOP-A3HF2T1" />
    <property name="org.eclipse.debug.ui.breakpoints.toggleFactoriesUsed" value="true" />
    <property name="sun.io.unicode.encoding" value="UnicodeLittle" />
    <property name="eclipse.stateSaveDelayInterval" value="30000" />
    <property name="org.osgi.framework.version" value="1.9.0" />
    <property name="java.class.path" value="C:\Users\Nad\Documents\g52swm_cw2_psynr\bin;C:\Users\Nad\.p2\pool\plugins\org.junit.jupiter.api_5.5.1.v20190826-0900.jar;C:\Users\Nad\.p2\pool\plugins\org.junit.jupiter.engine_5.5.1.v20190826-0900.jar;C:\Users\Nad\.p2\pool\plugins\org.junit.jupiter.migrationsupport_5.5.1.v20190826-0900.jar;C:\Users\Nad\.p2\pool\plugins\org.junit.jupiter.params_5.5.1.v20190826-0900.jar;C:\Users\Nad\.p2\pool\plugins\org.junit.platform.commons_1.5.1.v20190826-0900.jar;C:\Users\Nad\.p2\pool\plugins\org.junit.platform.engine_1.5.1.v20190826-0900.jar;C:\Users\Nad\.p2\pool\plugins\org.junit.platform.launcher_1.5.1.v20190826-0900.jar;C:\Users\Nad\.p2\pool\plugins\org.junit.platform.runner_1.5.1.v20190826-0900.jar;C:\Users\Nad\.p2\pool\plugins\org.junit.platform.suite.api_1.5.1.v20190826-0900.jar;C:\Users\Nad\.p2\pool\plugins\org.junit.vintage.engine_5.5.1.v20190826-0900.jar;C:\Users\Nad\.p2\pool\plugins\org.opentest4j_1.2.0.v20190826-0900.jar;C:\Users\Nad\.p2\pool\plugins\org.apiguardian_1.1.0.v20190826-0900.jar;C:\Users\Nad\.p2\pool\plugins\org.junit_4.12.0.v201504281640\junit.jar;C:\Users\Nad\.p2\pool\plugins\org.hamcrest.core_1.3.0.v20180420-1519.jar;C:\Users\Nad\.p2\pool\plugins\org.apache.ant_1.10.5.v20190526-1402\lib\ant-launcher.jar;C:\Users\Nad\.p2\pool\plugins\org.apache.ant_1.10.5.v20190526-1402\lib\ant.jar;C:\Users\Nad\.p2\pool\plugins\org.apache.ant_1.10.5.v20190526-1402\lib\ant-junit.jar;C:\Users\Nad\.p2\pool\plugins\org.apache.ant_1.10.5.v20190526-1402\lib\ant-junit4.jar" />
    <property name="source" value="10" />
    <property name="java.vm.vendor" value="Oracle Corporation" />
    <property name="env.PROCESSOR_ARCHITECTURE" value="AMD64" />
    <property name="user.variant" value="" />
    <property name="user.timezone" value="Europe/London" />
    <property name="org.osgi.framework.uuid" value="8bf9d913-2361-4f21-b01b-4d84dd894901" />
    <property name="env.SystemRoot" value="C:\WINDOWS" />
    <property name="java.vm.specification.version" value="13" />
    <property name="org.osgi.framework.processor" value="x86-64" />
    <property name="os.name" value="Windows 10" />
    <property name="user.country" value="GB" />
    <property name="sun.java.launcher" value="SUN_STANDARD" />
    <property name="env.USERDOMAIN" value="DESKTOP-A3HF2T1" />
    <property name="oomph.update.url" value="http://download.eclipse.org/oomph/updates/milestone/latest" />
    <property name="env.=::" value="::\" />
    <property name="osgi.logfile" value="C:\Users\Nad\Documents\FroggerWorkspace\.metadata\.log" />
    <property name="sun.cpu.endian" value="little" />
    <property name="osgi.install.area" value="file:/C:/Users/Nad/eclipse/java-2019-09/eclipse/" />
    <property name="user.home" value="C:\Users\Nad" />
    <property name="user.language" value="en" />
    <property name="osgi.tracefile" value="C:\Users\Nad\Documents\FroggerWorkspace\.metadata\trace.log" />
    <property name="eclipse.home" value="C:\Users\Nad\eclipse\java-2019-09\eclipse" />
    <property name="eclipse.pdebuild.home" value="C:\Users\Nad\eclipse\java-2019-09\eclipse\..\..\..\.p2\pool\plugins\org.eclipse.pde.build_3.10.500.v20190620-0530\." />
    <property name="ant.java.version" value="13" />
    <property name="env.ALLUSERSPROFILE" value="C:\ProgramData" />
    <property name="env.SESSIONNAME" value="Console" />
    <property name="ds.delayed.keepInstances" value="true" />
    <property name="eclipse.product" value="org.eclipse.epp.package.java.product" />
    <property name="eclipse.vm" value="C:/Program Files/Java/jdk-13.0.1/bin\server\jvm.dll" />
    <property name="env.windir" value="C:\WINDOWS" />
    <property name="ant.file" value="C:\Users\Nad\Documents\g52swm_cw2_psynr\build.xml" />
    <property name="eclipse.commands" value="-os&#xa;win32&#xa;-ws&#xa;win32&#xa;-arch&#xa;x86_64&#xa;-showsplash&#xa;-launcher&#xa;C:\Users\Nad\eclipse\java-2019-09\eclipse\eclipse.exe&#xa;-name&#xa;Eclipse&#xa;--launcher.library&#xa;C:\Users\Nad\.p2\pool\plugins\org.eclipse.equinox.launcher.win32.win32.x86_64_1.1.1100.v20190907-0426\eclipse_1902.dll&#xa;-startup&#xa;C:\Users\Nad\eclipse\java-2019-09\eclipse\\plugins/org.eclipse.equinox.launcher_1.5.500.v20190715-1310.jar&#xa;--launcher.appendVmargs&#xa;-product&#xa;org.eclipse.epp.package.java.product&#xa;-data&#xa;file:/C:/Users/Nad/Documents/FroggerWorkspace/&#xa;-launcher&#xa;C:\Users\Nad\eclipse\java-2019-09\eclipse\eclipse.exe&#xa;-product&#xa;org.eclipse.epp.package.java.product&#xa;-vm&#xa;C:/Program Files/Java/jdk-13.0.1/bin\server\jvm.dll&#xa;" />
    <property name="path.separator" value=";" />
    <property name="eclipse.p2.max.threads" value="10" />
    <property name="osgi.compatibility.bootdelegation" value="true" />
    <property name="os.version" value="10.0" />
    <property name="java.runtime.name" value="Java(TM) SE Runtime Environment" />
    <property name="env.CommonProgramFiles(x86)" value="C:\Program Files (x86)\Common Files" />
    <property name="env.PATHEXT" value=".COM;.EXE;.BAT;.CMD;.VBS;.VBE;.JS;.JSE;.WSF;.WSH;.MSC" />
    <property name="org.osgi.supports.framework.fragment" value="true" />
    <property name="ant.project.invoked-targets" value="HighscoreInput_Test" />
    <property name="osgi.bundles" value="reference:file:org.eclipse.osgi.compatibility.state_1.1.600.v20190814-1451.jar,reference:file:org.eclipse.fx.osgi_1.2.0.201501301028.jar,reference:file:org.eclipse.equinox.simpleconfigurator_1.3.300.v20190716-0825.jar@1:start" />
    <property name="osgi.framework.shape" value="jar" />
    <property name="eclipse.p2.profile" value="C__Users_Nad_eclipse_java-2019-09_eclipse" />
    <property name="java.vm.name" value="Java HotSpot(TM) 64-Bit Server VM" />
    <property name="osgi.framework" value="file:/C:/Users/Nad/.p2/pool/plugins/org.eclipse.osgi_3.15.0.v20190830-1434.jar" />
    <property name="ECLIPSE_HOME" value="../../eclipse/java-2019-09/eclipse/" />
    <property name="osgi.configuration.area" value="file:/C:/Users/Nad/eclipse/java-2019-09/eclipse/configuration/" />
    <property name="osgi.dataAreaRequiresExplicitInit" value="true" />
    <property name="osgi.os" value="win32" />
    <property name="ant.core.lib" value="C:\Users\Nad\eclipse\java-2019-09\eclipse\..\..\..\.p2\pool\plugins\org.apache.ant_1.10.5.v20190526-1402\lib\ant.jar" />
    <property name="java.vendor.url.bug" value="https://bugreport.java.com/bugreport/" />
    <property name="osgi.splashLocation" value="C:\Users\Nad\.p2\pool\plugins\org.eclipse.platform_4.13.0.v20190916-1045\splash.bmp" />
    <property name="org.eclipse.m2e.log.dir" value="C:\Users\Nad\Documents\FroggerWorkspace\.metadata\.plugins\org.eclipse.m2e.logback.configuration" />
    <property name="org.osgi.framework.os.name" value="Windows10" />
    <property name="applicationXMI" value="org.eclipse.ui.workbench/LegacyIDE.e4xmi" />
    <property name="osgi.splashPath" value="file:/C:/Users/Nad/.p2/pool/plugins/org.eclipse.platform_4.13.0.v20190916-1045" />
    <property name="org.osgi.supports.framework.extension" value="true" />
    <property name="org.osgi.framework.storage" value="C:\Users\Nad\eclipse\java-2019-09\eclipse\configuration" />
    <property name="user.dir" value="C:\WINDOWS\system32" />
    <property name="os.arch" value="amd64" />
    <property name="env.USERNAME" value="Nad" />
    <property name="osgi.ws" value="win32" />
    <property name="osgi.instance.area" value="file:/C:/Users/Nad/Documents/FroggerWorkspace/" />
    <property name="env.OneDriveConsumer" value="C:\Users\Nad\OneDrive" />
    <property name="eclipse.launcher" value="C:\Users\Nad\eclipse\java-2019-09\eclipse\eclipse.exe" />
    <property name="osgi.frameworkClassPath" value="., file:C:/Users/Nad/.p2/pool/plugins/org.eclipse.osgi.compatibility.state_1.1.600.v20190814-1451.jar, file:C:/Users/Nad/.p2/pool/plugins/org.eclipse.fx.osgi_1.2.0.201501301028.jar" />
    <property name="target" value="10" />
    <property name="eclipse.startTime" value="1576708856038" />
    <property name="env.ProgramFiles(x86)" value="C:\Program Files (x86)" />
    <property name="org.osgi.framework.os.version" value="10.0.0" />
    <property name="java.vm.info" value="mixed mode, sharing" />
    <property name="java.vm.version" value="13.0.1+9" />
    <property name="env.FPS_BROWSER_USER_PROFILE_STRING" value="Default" />
    <property name="eclipse.p2.data.area" value="file:/C:/Users/Nad/.p2/" />
    <property name="org.apache.commons.logging.Log" value="org.apache.commons.logging.impl.NoOpLog" />
    <property name="env.TEMP" value="C:\Users\Nad\AppData\Local\Temp" />
    <property name="java.class.version" value="57.0" />
    <property name="env.OneDrive" value="C:\Users\Nad\OneDrive" />
    <property name="ant.project.default-target" value="build" />
  </properties>
  <testcase classname="tests.HighscoreInput_Test" name="initializationError" time="0.005">
    <error message="Ljavafx/embed/swing/JFXPanel;" type="java.lang.NoClassDefFoundError">java.lang.NoClassDefFoundError: Ljavafx/embed/swing/JFXPanel;
	at java.base/java.lang.Class.getDeclaredFields0(Native Method)
	at java.base/java.lang.Class.privateGetDeclaredFields(Class.java:3062)
	at java.base/java.lang.Class.getDeclaredFields(Class.java:2249)
	at java.base/jdk.internal.reflect.NativeConstructorAccessorImpl.newInstance0(Native Method)
	at java.base/jdk.internal.reflect.NativeConstructorAccessorImpl.newInstance(NativeConstructorAccessorImpl.java:62)
	at java.base/jdk.internal.reflect.DelegatingConstructorAccessorImpl.newInstance(DelegatingConstructorAccessorImpl.java:45)
	at java.base/java.lang.reflect.Constructor.newInstanceWithCaller(Constructor.java:500)
	at java.base/java.lang.reflect.Constructor.newInstance(Constructor.java:481)
Caused by: java.lang.ClassNotFoundException: javafx.embed.swing.JFXPanel
	at java.base/jdk.internal.loader.BuiltinClassLoader.loadClass(BuiltinClassLoader.java:602)
	at java.base/jdk.internal.loader.ClassLoaders$AppClassLoader.loadClass(ClassLoaders.java:178)
	at java.base/java.lang.ClassLoader.loadClass(ClassLoader.java:521)
</error>
  </testcase>
  <system-out><![CDATA[]]></system-out>
  <system-err><![CDATA[]]></system-err>
</testsuite>
